c:\users\taylor\source\repos\advancedopenglrenderer\x64\debug\vc142.pdb
c:\users\taylor\source\repos\advancedopenglrenderer\x64\debug\vc142.idb
c:\users\taylor\source\repos\advancedopenglrenderer\x64\debug\glad.obj
c:\users\taylor\source\repos\advancedopenglrenderer\x64\debug\vbo.obj
c:\users\taylor\source\repos\advancedopenglrenderer\x64\debug\vao.obj
c:\users\taylor\source\repos\advancedopenglrenderer\x64\debug\shaderclass.obj
c:\users\taylor\source\repos\advancedopenglrenderer\x64\debug\main.obj
c:\users\taylor\source\repos\advancedopenglrenderer\x64\debug\ebo.obj
c:\users\taylor\source\repos\advancedopenglrenderer\x64\debug\stb.obj
c:\users\taylor\source\repos\advancedopenglrenderer\x64\debug\texture.obj
c:\users\taylor\source\repos\advancedopenglrenderer\x64\debug\camera.obj
c:\users\taylor\source\repos\advancedopenglrenderer\x64\debug\mesh.obj
c:\users\taylor\source\repos\advancedopenglrenderer\x64\debug\model.obj
c:\users\taylor\source\repos\advancedopenglrenderer\x64\debug\advancedopenglrenderer.exe
c:\users\taylor\source\repos\advancedopenglrenderer\x64\debug\advancedopenglrenderer.ilk
c:\users\taylor\source\repos\advancedopenglrenderer\x64\debug\advancedopenglrenderer.pdb
c:\users\taylor\source\repos\advancedopenglrenderer\x64\debug\advanced.c63aaa76.tlog\cl.command.1.tlog
c:\users\taylor\source\repos\advancedopenglrenderer\x64\debug\advanced.c63aaa76.tlog\cl.read.1.tlog
c:\users\taylor\source\repos\advancedopenglrenderer\x64\debug\advanced.c63aaa76.tlog\cl.write.1.tlog
c:\users\taylor\source\repos\advancedopenglrenderer\x64\debug\advanced.c63aaa76.tlog\link.command.1.tlog
c:\users\taylor\source\repos\advancedopenglrenderer\x64\debug\advanced.c63aaa76.tlog\link.read.1.tlog
c:\users\taylor\source\repos\advancedopenglrenderer\x64\debug\advanced.c63aaa76.tlog\link.write.1.tlog
